<?xml version="1.0" encoding="UTF-8"?>
<testng-results ignored="0" total="1" passed="1" failed="0" skipped="0">
  <reporter-output>
    <line>
      <![CDATA[New Role with id 45 Created Sucessfully]]>
    </line>
  </reporter-output>
  <suite started-at="2024-02-02T18:36:31 IST" name="Default suite" finished-at="2024-02-02T18:36:39 IST" duration-ms="8408">
    <groups>
    </groups>
    <test started-at="2024-02-02T18:36:31 IST" name="Default test" finished-at="2024-02-02T18:36:39 IST" duration-ms="8408">
      <class name="Branch.NewRole">
        <test-method is-config="true" signature="setup()[pri:0, instance:Branch.NewRole@3b6ddd1d]" started-at="2024-02-02T18:36:31 IST" name="setup" finished-at="2024-02-02T18:36:36 IST" duration-ms="5648" status="PASS">
          <reporter-output>
          </reporter-output>
        </test-method> <!-- setup -->
        <test-method signature="Newrole()[pri:0, instance:Branch.NewRole@3b6ddd1d]" started-at="2024-02-02T18:36:36 IST" name="Newrole" finished-at="2024-02-02T18:36:39 IST" duration-ms="2467" status="PASS">
          <reporter-output>
            <line>
              <![CDATA[New Role with id 45 Created Sucessfully]]>
            </line>
          </reporter-output>
        </test-method> <!-- Newrole -->
        <test-method is-config="true" signature="teardown()[pri:0, instance:Branch.NewRole@3b6ddd1d]" started-at="2024-02-02T18:36:39 IST" name="teardown" finished-at="2024-02-02T18:36:39 IST" duration-ms="195" status="PASS">
          <reporter-output>
          </reporter-output>
        </test-method> <!-- teardown -->
      </class> <!-- Branch.NewRole -->
    </test> <!-- Default test -->
  </suite> <!-- Default suite -->
</testng-results>
